[debug] [2022-11-10T11:27:48.439Z] ----------------------------------------------------------------------
[debug] [2022-11-10T11:27:48.441Z] Command:       C:\Program Files\nodejs\node.exe C:\Users\USER\AppData\Roaming\npm\node_modules\firebase-tools\lib\bin\firebase.js login
[debug] [2022-11-10T11:27:48.442Z] CLI Version:   11.15.0
[debug] [2022-11-10T11:27:48.442Z] Platform:      win32
[debug] [2022-11-10T11:27:48.442Z] Node Version:  v16.18.0
[debug] [2022-11-10T11:27:48.443Z] Time:          Thu Nov 10 2022 17:27:48 GMT+0600 (Bangladesh Standard Time)
[debug] [2022-11-10T11:27:48.443Z] ----------------------------------------------------------------------
[debug] 
[info] i  Firebase optionally collects CLI and Emulator Suite usage and error reporting information to help improve our products. Data is collected in accordance with Google's privacy policy (https://policies.google.com/privacy) and is not used to identify you.
 
[warn] !  Unable to fetch the CLI MOTD and remote config. 
[debug] [2022-11-10T11:27:48.467Z] Failed to fetch MOTD FirebaseError: Failed to make request: unsupported proxy protocol: "192.168.49.1"
[info] i  To change your data collection preference at any time, run `firebase logout` and log in again. 
[info] 
[info] Visit this URL on this device to log in:
[info] https://accounts.google.com/o/oauth2/auth?client_id=563584335869-fgrhgmd47bqnekij5i8b5pr03ho849e6.apps.googleusercontent.com&scope=email%20openid%20https%3A%2F%2Fwww.googleapis.com%2Fauth%2Fcloudplatformprojects.readonly%20https%3A%2F%2Fwww.googleapis.com%2Fauth%2Ffirebase%20https%3A%2F%2Fwww.googleapis.com%2Fauth%2Fcloud-platform&response_type=code&state=534390302&redirect_uri=http%3A%2F%2Flocalhost%3A9005
[info] 
[info] Waiting for authentication...
[debug] [2022-11-10T11:27:53.059Z] Error: spawn cmd ENOENT
    at Process.ChildProcess._handle.onexit (node:internal/child_process:285:19)
    at onErrorNT (node:internal/child_process:485:16)
    at processTicksAndRejections (node:internal/process/task_queues:83:21)
[error] 
[error] Error: An unexpected error has occurred.
[debug] [2022-11-10T11:29:11.244Z] ----------------------------------------------------------------------
[debug] [2022-11-10T11:29:11.246Z] Command:       C:\Program Files\nodejs\node.exe C:\Users\USER\AppData\Roaming\npm\node_modules\firebase-tools\lib\bin\firebase.js login
[debug] [2022-11-10T11:29:11.247Z] CLI Version:   11.16.0
[debug] [2022-11-10T11:29:11.247Z] Platform:      win32
[debug] [2022-11-10T11:29:11.247Z] Node Version:  v16.18.0
[debug] [2022-11-10T11:29:11.254Z] Time:          Thu Nov 10 2022 17:29:11 GMT+0600 (Bangladesh Standard Time)
[debug] [2022-11-10T11:29:11.254Z] ----------------------------------------------------------------------
[debug] 
[info] i  Firebase optionally collects CLI and Emulator Suite usage and error reporting information to help improve our products. Data is collected in accordance with Google's privacy policy (https://policies.google.com/privacy) and is not used to identify you.
 
[warn] !  Unable to fetch the CLI MOTD and remote config. 
[debug] [2022-11-10T11:29:11.275Z] Failed to fetch MOTD FirebaseError: Failed to make request: unsupported proxy protocol: "192.168.49.1"
[info] i  To change your data collection preference at any time, run `firebase logout` and log in again. 
[info] 
[info] Visit this URL on this device to log in:
[info] https://accounts.google.com/o/oauth2/auth?client_id=563584335869-fgrhgmd47bqnekij5i8b5pr03ho849e6.apps.googleusercontent.com&scope=email%20openid%20https%3A%2F%2Fwww.googleapis.com%2Fauth%2Fcloudplatformprojects.readonly%20https%3A%2F%2Fwww.googleapis.com%2Fauth%2Ffirebase%20https%3A%2F%2Fwww.googleapis.com%2Fauth%2Fcloud-platform&response_type=code&state=1060712242&redirect_uri=http%3A%2F%2Flocalhost%3A9005
[info] 
[info] Waiting for authentication...
[debug] [2022-11-10T11:32:07.019Z] Error: spawn cmd ENOENT
    at Process.ChildProcess._handle.onexit (node:internal/child_process:285:19)
    at onErrorNT (node:internal/child_process:485:16)
    at processTicksAndRejections (node:internal/process/task_queues:83:21)
[error] 
[error] Error: An unexpected error has occurred.
